1621102958558	geckodriver	INFO	Listening on 127.0.0.1:56844
1621102961660	mozrunner::runner	INFO	Running command: "C:\\Program Files\\Mozilla Firefox\\firefox.exe" "--marionette" "-foreground" "-no-remote" "-profile" "C:\\Users\\kunal\\AppData\\Local\\Temp\\rust_mozprofileE0uk95"
1621102962046	Marionette	INFO	Marionette enabled
console.warn: SearchSettings: "get: No settings file exists, new profile?" (new Error("", "(unknown module)"))
1621102963905	Marionette	INFO	Listening on port 56873
1621102964393	Marionette	WARN	TLS certificate errors will be ignored for this session
JavaScript error: http://ajax.googleapis.com/ajax/libs/angularjs/1.4.8/angular.min.js, line 6: Error: [$injector:modulerr] http://errors.angularjs.org/1.4.8/$injector/modulerr?p0=Registerform&p1=%5B%24injector%3Amodulerr%5D%20http%3A%2F%2Ferrors.angularjs.org%2F1.4.8%2F%24injector%2Fmodulerr%3Fp0%3Dui.grid%26p1%3D%255B%2524injector%253Anomod%255D%2520http%253A%252F%252Ferrors.angularjs.org%252F1.4.8%252F%2524injector%252Fnomod%253Fp0%253Dui.grid%250AG%252F%253C%2540http%253A%252F%252Fajax.googleapis.com%252Fajax%252Flibs%252Fangularjs%252F1.4.8%252Fangular.min.js%253A6%253A416%250Ade%252F%253C%252F%253C%252F%253C%2540http%253A%252F%252Fajax.googleapis.com%252Fajax%252Flibs%252Fangularjs%252F1.4.8%252Fangular.min.js%253A24%253A186%250Ab%2540http%253A%252F%252Fajax.googleapis.com%252Fajax%252Flibs%252Fangularjs%252F1.4.8%252Fangular.min.js%253A23%253A251%250Ade%252F%253C%252F%253C%2540http%253A%252F%252Fajax.googleapis.com%252Fajax%252Flibs%252Fangularjs%252F1.4.8%252Fangular.min.js%253A23%253A494%250Ag%252F%253C%2540http%253A%252F%252Fajax.googleapis.com%252Fajax%252Flibs%252Fangularjs%252F1.4.8%252Fangular.min.js%253A38%253A117%250An%2540http%253A%252F%252Fajax.googleapis.com%252Fajax%252Flibs%252Fangularjs%252F1.4.8%252Fangular.min.js%253A7%253A333%250Ag%2540http%253A%252F%252Fajax.googleapis.com%252Fajax%252Flibs%252Fangularjs%252F1.4.8%252Fangular.min.js%253A37%253A489%250Ag%252F%253C%2540http%253A%252F%252Fajax.googleapis.com%252Fajax%252Flibs%252Fangularjs%252F1.4.8%252Fangular.min.js%253A38%253A134%250An%2540http%253A%252F%252Fajax.googleapis.com%252Fajax%252Flibs%252Fangularjs%252F1.4.8%252Fangular.min.js%253A7%253A333%250Ag%2540http%253A%252F%252Fajax.googleapis.com%252Fajax%252Flibs%252Fangularjs%252F1.4.8%252Fangular.min.js%253A37%253A489%250Aeb%2540http%253A%252F%252Fajax.googleapis.com%252Fajax%252Flibs%252Fangularjs%252F1.4.8%252Fangular.min.js%253A41%253A249%250Ac%2540http%253A%252F%252Fajax.googleapis.com%252Fajax%252Flibs%252Fangularjs%252F1.4.8%252Fangular.min.js%253A19%253A463%250Ayc%2540http%253A%252F%252Fajax.googleapis.com%252Fajax%252Flibs%252Fangularjs%252F1.4.8%252Fangular.min.js%253A20%253A274%250AZd%2540http%253A%252F%252Fajax.googleapis.com%252Fajax%252Flibs%252Fangularjs%252F1.4.8%252Fangular.min.js%253A19%253A83%250A%2540http%253A%252F%252Fajax.googleapis.com%252Fajax%252Flibs%252Fangularjs%252F1.4.8%252Fangular.min.js%253A294%253A194%250Ai%2540https%253A%252F%252Fajax.googleapis.com%252Fajax%252Flibs%252Fjquery%252F1.12.0%252Fjquery.min.js%253A2%253A27451%250AfireWith%2540https%253A%252F%252Fajax.googleapis.com%252Fajax%252Flibs%252Fjquery%252F1.12.0%252Fjquery.min.js%253A2%253A28215%250Aready%2540https%253A%252F%252Fajax.googleapis.com%252Fajax%252Flibs%252Fjquery%252F1.12.0%252Fjquery.min.js%253A2%253A30008%250AK%2540https%253A%252F%252Fajax.googleapis.com%252Fajax%252Flibs%252Fjquery%252F1.12.0%252Fjquery.min.js%253A2%253A30370%250A%0AG%2F%3C%40http%3A%2F%2Fajax.googleapis.com%2Fajax%2Flibs%2Fangularjs%2F1.4.8%2Fangular.min.js%3A6%3A416%0Ag%2F%3C%40http%3A%2F%2Fajax.googleapis.com%2Fajax%2Flibs%2Fangularjs%2F1.4.8%2Fangular.min.js%3A38%3A391%0An%40http%3A%2F%2Fajax.googleapis.com%2Fajax%2Flibs%2Fangularjs%2F1.4.8%2Fangular.min.js%3A7%3A333%0Ag%40http%3A%2F%2Fajax.googleapis.com%2Fajax%2Flibs%2Fangularjs%2F1.4.8%2Fangular.min.js%3A37%3A489%0Ag%2F%3C%40http%3A%2F%2Fajax.googleapis.com%2Fajax%2Flibs%2Fangularjs%2F1.4.8%2Fangular.min.js%3A38%3A134%0An%40http%3A%2F%2Fajax.googleapis.com%2Fajax%2Flibs%2Fangularjs%2F1.4.8%2Fangular.min.js%3A7%3A333%0Ag%40http%3A%2F%2Fajax.googleapis.com%2Fajax%2Flibs%2Fangularjs%2F1.4.8%2Fangular.min.js%3A37%3A489%0Aeb%40http%3A%2F%2Fajax.googleapis.com%2Fajax%2Flibs%2Fangularjs%2F1.4.8%2Fangular.min.js%3A41%3A249%0Ac%40http%3A%2F%2Fajax.googleapis.com%2Fajax%2Flibs%2Fangularjs%2F1.4.8%2Fangular.min.js%3A19%3A463%0Ayc%40http%3A%2F%2Fajax.googleapis.com%2Fajax%2Flibs%2Fangularjs%2F1.4.8%2Fangular.min.js%3A20%3A274%0AZd%40http%3A%2F%2Fajax.googleapis.com%2Fajax%2Flibs%2Fangularjs%2F1.4.8%2Fangular.min.js%3A19%3A83%0A%40http%3A%2F%2Fajax.googleapis.com%2Fajax%2Flibs%2Fangularjs%2F1.4.8%2Fangular.min.js%3A294%3A194%0Ai%40https%3A%2F%2Fajax.googleapis.com%2Fajax%2Flibs%2Fjquery%2F1.12.0%2Fjquery.min.js%3A2%3A27451%0AfireWith%40https%3A%2F%2Fajax.googleapis.com%2Fajax%2Flibs%2Fjquery%2F1.12.0%2Fjquery.min.js%3A2%3A28215%0Aready%40https%3A%2F%2Fajax.googleapis.com%2Fajax%2Flibs%2Fjquery%2F1.12.0%2Fjquery.min.js%3A2%3A30008%0AK%40https%3A%2F%2Fajax.googleapis.com%2Fajax%2Flibs%2Fjquery%2F1.12.0%2Fjquery.min.js%3A2%3A30370%0A
1621102969553	Marionette	INFO	Stopped listening on port 56873

###!!! [Child][RunMessage] Error: Channel closing: too late to send/recv, messages will be lost

1621536738554	geckodriver	INFO	Listening on 127.0.0.1:61194
1621536741676	mozrunner::runner	INFO	Running command: "C:\\Program Files\\Mozilla Firefox\\firefox.exe" "--marionette" "-foreground" "-no-remote" "-profile" "C:\\Users\\kunal\\AppData\\Local\\Temp\\rust_mozprofileBDqQxg"
1621536742722	Marionette	INFO	Marionette enabled
console.warn: SearchSettings: "get: No settings file exists, new profile?" (new Error("", "(unknown module)"))
1621536745688	Marionette	INFO	Listening on port 61218
1621536745902	Marionette	WARN	TLS certificate errors will be ignored for this session
1621536752565	Marionette	INFO	Stopped listening on port 61218

###!!! [Child][RunMessage] Error: Channel closing: too late to send/recv, messages will be lost

1621536964579	geckodriver	INFO	Listening on 127.0.0.1:62536
1621536967639	mozrunner::runner	INFO	Running command: "C:\\Program Files\\Mozilla Firefox\\firefox.exe" "--marionette" "-foreground" "-no-remote" "-profile" "C:\\Users\\kunal\\AppData\\Local\\Temp\\rust_mozprofileCnVhod"
1621536968300	Marionette	INFO	Marionette enabled
console.warn: SearchSettings: "get: No settings file exists, new profile?" (new Error("", "(unknown module)"))
1621536970690	Marionette	INFO	Listening on port 62562
1621536970827	Marionette	WARN	TLS certificate errors will be ignored for this session
1621536977016	Marionette	INFO	Stopped listening on port 62562

###!!! [Child][RunMessage] Error: Channel closing: too late to send/recv, messages will be lost

